<?xml version="1.0" encoding="UTF-8"?>
<!-- Generated by org.testng.reporters.JUnitReportReporter -->
<testsuite hostname="Akshay-PC" name="com.seleniumexercise.HandlingDropDown" tests="1" failures="0" timestamp="27 Jul 2016 06:13:44 GMT" time="28.145" errors="0">
  <testcase name="testSelectFunctionality" time="28.145" classname="com.seleniumexercise.HandlingDropDown"/>
</testsuite> <!-- com.seleniumexercise.HandlingDropDown -->
