<?xml version="1.0" encoding="UTF-8"?>
<!-- Generated by org.testng.reporters.JUnitReportReporter -->
<testsuite hostname="Akshay-PC" name="com.seleniumexercise.takeScreenShot" tests="1" failures="0" timestamp="27 Jul 2016 05:32:08 GMT" time="17.333" errors="0">
  <testcase name="openBrowser" time="17.333" classname="com.seleniumexercise.takeScreenShot"/>
</testsuite> <!-- com.seleniumexercise.takeScreenShot -->
